2024-01-19T17:49:36+00:00 CRITICAL Uncaught TypeError: method_exists(): Argument #1 ($object_or_class) must be of type object|string, null given in /var/www/babyshoes/wp-content/plugins/woocommerce/src/Admin/Features/OnboardingTasks/Tasks/WooCommercePayments.php:130
Stack trace:
#0 /var/www/babyshoes/wp-content/plugins/woocommerce/src/Admin/Features/OnboardingTasks/Tasks/WooCommercePayments.php(130): method_exists()
#1 /var/www/babyshoes/wp-content/plugins/woocommerce/src/Admin/Features/OnboardingTasks/Tasks/WooCommercePayments.php(81): Automattic\WooCommerce\Admin\Features\OnboardingTasks\Tasks\WooCommercePayments::is_connected()
#2 /var/www/babyshoes/wp-content/plugins/woocommerce/src/Admin/Features/OnboardingTasks/TaskList.php(240): Automattic\WooCommerce\Admin\Features\OnboardingTasks\Tasks\WooCommercePayments->is_complete()
#3 /var/www/babyshoes/wp-content/plugins/woocommerce/src/Admin/Features/OnboardingTasks/TaskLists.php(445): Automattic\WooCommerce\Admin\Features\OnboardingTasks\TaskList->is_complete()
#4 /var/www/babyshoes/wp-content/plugins/woocommerce/src/Admin/Features/OnboardingTasks/TaskLists.php(467): Automattic\WooCommerce\Admin\Features\OnboardingTasks\TaskLists::setup_tasks_remaining()
#5 /var/www/babyshoes/wp-includes/class-wp-hook.php(308): Automattic\WooCommerce\Admin\Features\OnboardingTasks\TaskLists::menu_task_count()
#6 /var/www/babyshoes/wp-includes/class-wp-hook.php(332): WP_Hook->apply_filters()
#7 /var/www/babyshoes/wp-includes/plugin.php(517): WP_Hook->do_action()
#8 /var/www/babyshoes/wp-admin/includes/menu.php(155): do_action()
#9 /var/www/babyshoes/wp-admin/menu.php(428): require_once('...')
#10 /var/www/babyshoes/wp-admin/admin.php(158): require('...')
#11 {main}
  thrown in /var/www/babyshoes/wp-content/plugins/woocommerce/src/Admin/Features/OnboardingTasks/Tasks/WooCommercePayments.php on line 130

2024-01-19T17:49:43+00:00 CRITICAL Uncaught TypeError: method_exists(): Argument #1 ($object_or_class) must be of type object|string, null given in /var/www/babyshoes/wp-content/plugins/woocommerce/src/Admin/Features/OnboardingTasks/Tasks/WooCommercePayments.php:130
Stack trace:
#0 /var/www/babyshoes/wp-content/plugins/woocommerce/src/Admin/Features/OnboardingTasks/Tasks/WooCommercePayments.php(130): method_exists()
#1 /var/www/babyshoes/wp-content/plugins/woocommerce/src/Admin/Features/OnboardingTasks/Tasks/WooCommercePayments.php(81): Automattic\WooCommerce\Admin\Features\OnboardingTasks\Tasks\WooCommercePayments::is_connected()
#2 /var/www/babyshoes/wp-content/plugins/woocommerce/src/Admin/Features/OnboardingTasks/TaskList.php(240): Automattic\WooCommerce\Admin\Features\OnboardingTasks\Tasks\WooCommercePayments->is_complete()
#3 /var/www/babyshoes/wp-content/plugins/woocommerce/src/Admin/Features/OnboardingTasks/TaskLists.php(445): Automattic\WooCommerce\Admin\Features\OnboardingTasks\TaskList->is_complete()
#4 /var/www/babyshoes/wp-content/plugins/woocommerce/src/Admin/Features/OnboardingTasks/TaskLists.php(467): Automattic\WooCommerce\Admin\Features\OnboardingTasks\TaskLists::setup_tasks_remaining()
#5 /var/www/babyshoes/wp-includes/class-wp-hook.php(308): Automattic\WooCommerce\Admin\Features\OnboardingTasks\TaskLists::menu_task_count()
#6 /var/www/babyshoes/wp-includes/class-wp-hook.php(332): WP_Hook->apply_filters()
#7 /var/www/babyshoes/wp-includes/plugin.php(517): WP_Hook->do_action()
#8 /var/www/babyshoes/wp-admin/includes/menu.php(155): do_action()
#9 /var/www/babyshoes/wp-admin/menu.php(428): require_once('...')
#10 /var/www/babyshoes/wp-admin/admin.php(158): require('...')
#11 {main}
  thrown in /var/www/babyshoes/wp-content/plugins/woocommerce/src/Admin/Features/OnboardingTasks/Tasks/WooCommercePayments.php on line 130

2024-01-19T17:49:53+00:00 CRITICAL Uncaught TypeError: method_exists(): Argument #1 ($object_or_class) must be of type object|string, null given in /var/www/babyshoes/wp-content/plugins/woocommerce/src/Admin/Features/OnboardingTasks/Tasks/WooCommercePayments.php:130
Stack trace:
#0 /var/www/babyshoes/wp-content/plugins/woocommerce/src/Admin/Features/OnboardingTasks/Tasks/WooCommercePayments.php(130): method_exists()
#1 /var/www/babyshoes/wp-content/plugins/woocommerce/src/Admin/Features/OnboardingTasks/Tasks/WooCommercePayments.php(81): Automattic\WooCommerce\Admin\Features\OnboardingTasks\Tasks\WooCommercePayments::is_connected()
#2 /var/www/babyshoes/wp-content/plugins/woocommerce/src/Admin/Features/OnboardingTasks/TaskList.php(240): Automattic\WooCommerce\Admin\Features\OnboardingTasks\Tasks\WooCommercePayments->is_complete()
#3 /var/www/babyshoes/wp-content/plugins/woocommerce/src/Admin/Features/OnboardingTasks/TaskLists.php(445): Automattic\WooCommerce\Admin\Features\OnboardingTasks\TaskList->is_complete()
#4 /var/www/babyshoes/wp-content/plugins/woocommerce/src/Admin/Features/OnboardingTasks/TaskLists.php(467): Automattic\WooCommerce\Admin\Features\OnboardingTasks\TaskLists::setup_tasks_remaining()
#5 /var/www/babyshoes/wp-includes/class-wp-hook.php(308): Automattic\WooCommerce\Admin\Features\OnboardingTasks\TaskLists::menu_task_count()
#6 /var/www/babyshoes/wp-includes/class-wp-hook.php(332): WP_Hook->apply_filters()
#7 /var/www/babyshoes/wp-includes/plugin.php(517): WP_Hook->do_action()
#8 /var/www/babyshoes/wp-admin/includes/menu.php(155): do_action()
#9 /var/www/babyshoes/wp-admin/menu.php(428): require_once('...')
#10 /var/www/babyshoes/wp-admin/admin.php(158): require('...')
#11 {main}
  thrown in /var/www/babyshoes/wp-content/plugins/woocommerce/src/Admin/Features/OnboardingTasks/Tasks/WooCommercePayments.php on line 130

2024-01-19T17:49:55+00:00 CRITICAL Uncaught TypeError: method_exists(): Argument #1 ($object_or_class) must be of type object|string, null given in /var/www/babyshoes/wp-content/plugins/woocommerce/src/Admin/Features/OnboardingTasks/Tasks/WooCommercePayments.php:130
Stack trace:
#0 /var/www/babyshoes/wp-content/plugins/woocommerce/src/Admin/Features/OnboardingTasks/Tasks/WooCommercePayments.php(130): method_exists()
#1 /var/www/babyshoes/wp-content/plugins/woocommerce/src/Admin/Features/OnboardingTasks/Tasks/WooCommercePayments.php(81): Automattic\WooCommerce\Admin\Features\OnboardingTasks\Tasks\WooCommercePayments::is_connected()
#2 /var/www/babyshoes/wp-content/plugins/woocommerce/src/Admin/Features/OnboardingTasks/TaskList.php(240): Automattic\WooCommerce\Admin\Features\OnboardingTasks\Tasks\WooCommercePayments->is_complete()
#3 /var/www/babyshoes/wp-content/plugins/woocommerce/src/Admin/Features/OnboardingTasks/TaskLists.php(445): Automattic\WooCommerce\Admin\Features\OnboardingTasks\TaskList->is_complete()
#4 /var/www/babyshoes/wp-content/plugins/woocommerce/src/Admin/Features/OnboardingTasks/TaskLists.php(467): Automattic\WooCommerce\Admin\Features\OnboardingTasks\TaskLists::setup_tasks_remaining()
#5 /var/www/babyshoes/wp-includes/class-wp-hook.php(308): Automattic\WooCommerce\Admin\Features\OnboardingTasks\TaskLists::menu_task_count()
#6 /var/www/babyshoes/wp-includes/class-wp-hook.php(332): WP_Hook->apply_filters()
#7 /var/www/babyshoes/wp-includes/plugin.php(517): WP_Hook->do_action()
#8 /var/www/babyshoes/wp-admin/includes/menu.php(155): do_action()
#9 /var/www/babyshoes/wp-admin/menu.php(428): require_once('...')
#10 /var/www/babyshoes/wp-admin/admin.php(158): require('...')
#11 {main}
  thrown in /var/www/babyshoes/wp-content/plugins/woocommerce/src/Admin/Features/OnboardingTasks/Tasks/WooCommercePayments.php on line 130

2024-01-19T17:50:04+00:00 CRITICAL Uncaught TypeError: method_exists(): Argument #1 ($object_or_class) must be of type object|string, null given in /var/www/babyshoes/wp-content/plugins/woocommerce/src/Admin/Features/OnboardingTasks/Tasks/WooCommercePayments.php:130
Stack trace:
#0 /var/www/babyshoes/wp-content/plugins/woocommerce/src/Admin/Features/OnboardingTasks/Tasks/WooCommercePayments.php(130): method_exists()
#1 /var/www/babyshoes/wp-content/plugins/woocommerce/src/Admin/Features/OnboardingTasks/Tasks/WooCommercePayments.php(81): Automattic\WooCommerce\Admin\Features\OnboardingTasks\Tasks\WooCommercePayments::is_connected()
#2 /var/www/babyshoes/wp-content/plugins/woocommerce/src/Admin/Features/OnboardingTasks/TaskList.php(240): Automattic\WooCommerce\Admin\Features\OnboardingTasks\Tasks\WooCommercePayments->is_complete()
#3 /var/www/babyshoes/wp-content/plugins/woocommerce/src/Admin/Features/OnboardingTasks/TaskLists.php(445): Automattic\WooCommerce\Admin\Features\OnboardingTasks\TaskList->is_complete()
#4 /var/www/babyshoes/wp-content/plugins/woocommerce/src/Admin/Features/OnboardingTasks/TaskLists.php(467): Automattic\WooCommerce\Admin\Features\OnboardingTasks\TaskLists::setup_tasks_remaining()
#5 /var/www/babyshoes/wp-includes/class-wp-hook.php(308): Automattic\WooCommerce\Admin\Features\OnboardingTasks\TaskLists::menu_task_count()
#6 /var/www/babyshoes/wp-includes/class-wp-hook.php(332): WP_Hook->apply_filters()
#7 /var/www/babyshoes/wp-includes/plugin.php(517): WP_Hook->do_action()
#8 /var/www/babyshoes/wp-admin/includes/menu.php(155): do_action()
#9 /var/www/babyshoes/wp-admin/menu.php(428): require_once('...')
#10 /var/www/babyshoes/wp-admin/admin.php(158): require('...')
#11 {main}
  thrown in /var/www/babyshoes/wp-content/plugins/woocommerce/src/Admin/Features/OnboardingTasks/Tasks/WooCommercePayments.php on line 130

2024-01-19T17:50:34+00:00 CRITICAL Uncaught TypeError: method_exists(): Argument #1 ($object_or_class) must be of type object|string, null given in /var/www/babyshoes/wp-content/plugins/woocommerce/src/Admin/Features/OnboardingTasks/Tasks/WooCommercePayments.php:130
Stack trace:
#0 /var/www/babyshoes/wp-content/plugins/woocommerce/src/Admin/Features/OnboardingTasks/Tasks/WooCommercePayments.php(130): method_exists()
#1 /var/www/babyshoes/wp-content/plugins/woocommerce/src/Admin/Features/OnboardingTasks/Tasks/WooCommercePayments.php(81): Automattic\WooCommerce\Admin\Features\OnboardingTasks\Tasks\WooCommercePayments::is_connected()
#2 /var/www/babyshoes/wp-content/plugins/woocommerce/src/Admin/Features/OnboardingTasks/TaskList.php(240): Automattic\WooCommerce\Admin\Features\OnboardingTasks\Tasks\WooCommercePayments->is_complete()
#3 /var/www/babyshoes/wp-content/plugins/woocommerce/src/Admin/Features/OnboardingTasks/TaskLists.php(445): Automattic\WooCommerce\Admin\Features\OnboardingTasks\TaskList->is_complete()
#4 /var/www/babyshoes/wp-content/plugins/woocommerce/src/Admin/Features/OnboardingTasks/TaskLists.php(467): Automattic\WooCommerce\Admin\Features\OnboardingTasks\TaskLists::setup_tasks_remaining()
#5 /var/www/babyshoes/wp-includes/class-wp-hook.php(308): Automattic\WooCommerce\Admin\Features\OnboardingTasks\TaskLists::menu_task_count()
#6 /var/www/babyshoes/wp-includes/class-wp-hook.php(332): WP_Hook->apply_filters()
#7 /var/www/babyshoes/wp-includes/plugin.php(517): WP_Hook->do_action()
#8 /var/www/babyshoes/wp-admin/includes/menu.php(155): do_action()
#9 /var/www/babyshoes/wp-admin/menu.php(428): require_once('...')
#10 /var/www/babyshoes/wp-admin/admin.php(158): require('...')
#11 {main}
  thrown in /var/www/babyshoes/wp-content/plugins/woocommerce/src/Admin/Features/OnboardingTasks/Tasks/WooCommercePayments.php on line 130

2024-01-19T17:50:38+00:00 CRITICAL Uncaught TypeError: method_exists(): Argument #1 ($object_or_class) must be of type object|string, null given in /var/www/babyshoes/wp-content/plugins/woocommerce/src/Admin/Features/OnboardingTasks/Tasks/WooCommercePayments.php:130
Stack trace:
#0 /var/www/babyshoes/wp-content/plugins/woocommerce/src/Admin/Features/OnboardingTasks/Tasks/WooCommercePayments.php(130): method_exists()
#1 /var/www/babyshoes/wp-content/plugins/woocommerce/src/Admin/Features/OnboardingTasks/Tasks/WooCommercePayments.php(81): Automattic\WooCommerce\Admin\Features\OnboardingTasks\Tasks\WooCommercePayments::is_connected()
#2 /var/www/babyshoes/wp-content/plugins/woocommerce/src/Admin/Features/OnboardingTasks/TaskList.php(240): Automattic\WooCommerce\Admin\Features\OnboardingTasks\Tasks\WooCommercePayments->is_complete()
#3 /var/www/babyshoes/wp-content/plugins/woocommerce/src/Admin/Features/OnboardingTasks/TaskLists.php(445): Automattic\WooCommerce\Admin\Features\OnboardingTasks\TaskList->is_complete()
#4 /var/www/babyshoes/wp-content/plugins/woocommerce/src/Admin/Features/OnboardingTasks/TaskLists.php(467): Automattic\WooCommerce\Admin\Features\OnboardingTasks\TaskLists::setup_tasks_remaining()
#5 /var/www/babyshoes/wp-includes/class-wp-hook.php(308): Automattic\WooCommerce\Admin\Features\OnboardingTasks\TaskLists::menu_task_count()
#6 /var/www/babyshoes/wp-includes/class-wp-hook.php(332): WP_Hook->apply_filters()
#7 /var/www/babyshoes/wp-includes/plugin.php(517): WP_Hook->do_action()
#8 /var/www/babyshoes/wp-admin/includes/menu.php(155): do_action()
#9 /var/www/babyshoes/wp-admin/menu.php(428): require_once('...')
#10 /var/www/babyshoes/wp-admin/admin.php(158): require('...')
#11 {main}
  thrown in /var/www/babyshoes/wp-content/plugins/woocommerce/src/Admin/Features/OnboardingTasks/Tasks/WooCommercePayments.php on line 130

2024-01-19T17:50:40+00:00 CRITICAL Uncaught TypeError: method_exists(): Argument #1 ($object_or_class) must be of type object|string, null given in /var/www/babyshoes/wp-content/plugins/woocommerce/src/Admin/Features/OnboardingTasks/Tasks/WooCommercePayments.php:130
Stack trace:
#0 /var/www/babyshoes/wp-content/plugins/woocommerce/src/Admin/Features/OnboardingTasks/Tasks/WooCommercePayments.php(130): method_exists()
#1 /var/www/babyshoes/wp-content/plugins/woocommerce/src/Admin/Features/OnboardingTasks/Tasks/WooCommercePayments.php(81): Automattic\WooCommerce\Admin\Features\OnboardingTasks\Tasks\WooCommercePayments::is_connected()
#2 /var/www/babyshoes/wp-content/plugins/woocommerce/src/Admin/Features/OnboardingTasks/TaskList.php(240): Automattic\WooCommerce\Admin\Features\OnboardingTasks\Tasks\WooCommercePayments->is_complete()
#3 /var/www/babyshoes/wp-content/plugins/woocommerce/src/Admin/Features/OnboardingTasks/TaskLists.php(445): Automattic\WooCommerce\Admin\Features\OnboardingTasks\TaskList->is_complete()
#4 /var/www/babyshoes/wp-content/plugins/woocommerce/src/Admin/Features/OnboardingTasks/TaskLists.php(467): Automattic\WooCommerce\Admin\Features\OnboardingTasks\TaskLists::setup_tasks_remaining()
#5 /var/www/babyshoes/wp-includes/class-wp-hook.php(308): Automattic\WooCommerce\Admin\Features\OnboardingTasks\TaskLists::menu_task_count()
#6 /var/www/babyshoes/wp-includes/class-wp-hook.php(332): WP_Hook->apply_filters()
#7 /var/www/babyshoes/wp-includes/plugin.php(517): WP_Hook->do_action()
#8 /var/www/babyshoes/wp-admin/includes/menu.php(155): do_action()
#9 /var/www/babyshoes/wp-admin/menu.php(428): require_once('...')
#10 /var/www/babyshoes/wp-admin/admin.php(158): require('...')
#11 {main}
  thrown in /var/www/babyshoes/wp-content/plugins/woocommerce/src/Admin/Features/OnboardingTasks/Tasks/WooCommercePayments.php on line 130

2024-01-19T17:59:16+00:00 CRITICAL Uncaught TypeError: method_exists(): Argument #1 ($object_or_class) must be of type object|string, null given in /var/www/babyshoes/wp-content/plugins/woocommerce/src/Admin/Features/OnboardingTasks/Tasks/WooCommercePayments.php:130
Stack trace:
#0 /var/www/babyshoes/wp-content/plugins/woocommerce/src/Admin/Features/OnboardingTasks/Tasks/WooCommercePayments.php(130): method_exists()
#1 /var/www/babyshoes/wp-content/plugins/woocommerce/src/Admin/Features/OnboardingTasks/Tasks/WooCommercePayments.php(81): Automattic\WooCommerce\Admin\Features\OnboardingTasks\Tasks\WooCommercePayments::is_connected()
#2 /var/www/babyshoes/wp-content/plugins/woocommerce/src/Admin/Features/OnboardingTasks/TaskList.php(240): Automattic\WooCommerce\Admin\Features\OnboardingTasks\Tasks\WooCommercePayments->is_complete()
#3 /var/www/babyshoes/wp-content/plugins/woocommerce/src/Admin/Features/OnboardingTasks/TaskLists.php(445): Automattic\WooCommerce\Admin\Features\OnboardingTasks\TaskList->is_complete()
#4 /var/www/babyshoes/wp-content/plugins/woocommerce/src/Admin/Features/OnboardingTasks/TaskLists.php(467): Automattic\WooCommerce\Admin\Features\OnboardingTasks\TaskLists::setup_tasks_remaining()
#5 /var/www/babyshoes/wp-includes/class-wp-hook.php(308): Automattic\WooCommerce\Admin\Features\OnboardingTasks\TaskLists::menu_task_count()
#6 /var/www/babyshoes/wp-includes/class-wp-hook.php(332): WP_Hook->apply_filters()
#7 /var/www/babyshoes/wp-includes/plugin.php(517): WP_Hook->do_action()
#8 /var/www/babyshoes/wp-admin/includes/menu.php(155): do_action()
#9 /var/www/babyshoes/wp-admin/menu.php(428): require_once('...')
#10 /var/www/babyshoes/wp-admin/admin.php(158): require('...')
#11 /var/www/babyshoes/wp-admin/index.php(10): require_once('...')
#12 {main}
  thrown in /var/www/babyshoes/wp-content/plugins/woocommerce/src/Admin/Features/OnboardingTasks/Tasks/WooCommercePayments.php on line 130

2024-01-19T17:59:17+00:00 CRITICAL Uncaught TypeError: method_exists(): Argument #1 ($object_or_class) must be of type object|string, null given in /var/www/babyshoes/wp-content/plugins/woocommerce/src/Admin/Features/OnboardingTasks/Tasks/WooCommercePayments.php:130
Stack trace:
#0 /var/www/babyshoes/wp-content/plugins/woocommerce/src/Admin/Features/OnboardingTasks/Tasks/WooCommercePayments.php(130): method_exists()
#1 /var/www/babyshoes/wp-content/plugins/woocommerce/src/Admin/Features/OnboardingTasks/Tasks/WooCommercePayments.php(81): Automattic\WooCommerce\Admin\Features\OnboardingTasks\Tasks\WooCommercePayments::is_connected()
#2 /var/www/babyshoes/wp-content/plugins/woocommerce/src/Admin/Features/OnboardingTasks/TaskList.php(240): Automattic\WooCommerce\Admin\Features\OnboardingTasks\Tasks\WooCommercePayments->is_complete()
#3 /var/www/babyshoes/wp-content/plugins/woocommerce/src/Admin/Features/OnboardingTasks/TaskLists.php(445): Automattic\WooCommerce\Admin\Features\OnboardingTasks\TaskList->is_complete()
#4 /var/www/babyshoes/wp-content/plugins/woocommerce/src/Admin/Features/OnboardingTasks/TaskLists.php(467): Automattic\WooCommerce\Admin\Features\OnboardingTasks\TaskLists::setup_tasks_remaining()
#5 /var/www/babyshoes/wp-includes/class-wp-hook.php(308): Automattic\WooCommerce\Admin\Features\OnboardingTasks\TaskLists::menu_task_count()
#6 /var/www/babyshoes/wp-includes/class-wp-hook.php(332): WP_Hook->apply_filters()
#7 /var/www/babyshoes/wp-includes/plugin.php(517): WP_Hook->do_action()
#8 /var/www/babyshoes/wp-admin/includes/menu.php(155): do_action()
#9 /var/www/babyshoes/wp-admin/menu.php(428): require_once('...')
#10 /var/www/babyshoes/wp-admin/admin.php(158): require('...')
#11 /var/www/babyshoes/wp-admin/index.php(10): require_once('...')
#12 {main}
  thrown in /var/www/babyshoes/wp-content/plugins/woocommerce/src/Admin/Features/OnboardingTasks/Tasks/WooCommercePayments.php on line 130

2024-01-19T18:01:03+00:00 CRITICAL Uncaught TypeError: method_exists(): Argument #1 ($object_or_class) must be of type object|string, null given in /var/www/babyshoes/wp-content/plugins/woocommerce/src/Admin/Features/OnboardingTasks/Tasks/WooCommercePayments.php:130
Stack trace:
#0 /var/www/babyshoes/wp-content/plugins/woocommerce/src/Admin/Features/OnboardingTasks/Tasks/WooCommercePayments.php(130): method_exists()
#1 /var/www/babyshoes/wp-content/plugins/woocommerce/src/Admin/Features/OnboardingTasks/Tasks/WooCommercePayments.php(81): Automattic\WooCommerce\Admin\Features\OnboardingTasks\Tasks\WooCommercePayments::is_connected()
#2 /var/www/babyshoes/wp-content/plugins/woocommerce/src/Admin/Features/OnboardingTasks/TaskList.php(240): Automattic\WooCommerce\Admin\Features\OnboardingTasks\Tasks\WooCommercePayments->is_complete()
#3 /var/www/babyshoes/wp-content/plugins/woocommerce/src/Admin/Features/OnboardingTasks/TaskLists.php(445): Automattic\WooCommerce\Admin\Features\OnboardingTasks\TaskList->is_complete()
#4 /var/www/babyshoes/wp-content/plugins/woocommerce/src/Admin/Features/OnboardingTasks/TaskLists.php(467): Automattic\WooCommerce\Admin\Features\OnboardingTasks\TaskLists::setup_tasks_remaining()
#5 /var/www/babyshoes/wp-includes/class-wp-hook.php(308): Automattic\WooCommerce\Admin\Features\OnboardingTasks\TaskLists::menu_task_count()
#6 /var/www/babyshoes/wp-includes/class-wp-hook.php(332): WP_Hook->apply_filters()
#7 /var/www/babyshoes/wp-includes/plugin.php(517): WP_Hook->do_action()
#8 /var/www/babyshoes/wp-admin/includes/menu.php(155): do_action()
#9 /var/www/babyshoes/wp-admin/menu.php(428): require_once('...')
#10 /var/www/babyshoes/wp-admin/admin.php(158): require('...')
#11 /var/www/babyshoes/wp-admin/index.php(10): require_once('...')
#12 {main}
  thrown in /var/www/babyshoes/wp-content/plugins/woocommerce/src/Admin/Features/OnboardingTasks/Tasks/WooCommercePayments.php on line 130

2024-01-19T21:02:17+00:00 CRITICAL Uncaught TypeError: method_exists(): Argument #1 ($object_or_class) must be of type object|string, null given in /var/www/babyshoes/wp-content/plugins/woocommerce/src/Admin/Features/OnboardingTasks/Tasks/WooCommercePayments.php:130
Stack trace:
#0 /var/www/babyshoes/wp-content/plugins/woocommerce/src/Admin/Features/OnboardingTasks/Tasks/WooCommercePayments.php(130): method_exists()
#1 /var/www/babyshoes/wp-content/plugins/woocommerce/src/Admin/Features/OnboardingTasks/Tasks/WooCommercePayments.php(81): Automattic\WooCommerce\Admin\Features\OnboardingTasks\Tasks\WooCommercePayments::is_connected()
#2 /var/www/babyshoes/wp-content/plugins/woocommerce/src/Admin/Features/OnboardingTasks/TaskList.php(240): Automattic\WooCommerce\Admin\Features\OnboardingTasks\Tasks\WooCommercePayments->is_complete()
#3 /var/www/babyshoes/wp-content/plugins/woocommerce/src/Admin/Features/OnboardingTasks/TaskLists.php(445): Automattic\WooCommerce\Admin\Features\OnboardingTasks\TaskList->is_complete()
#4 /var/www/babyshoes/wp-content/plugins/woocommerce/src/Admin/Features/OnboardingTasks/TaskLists.php(467): Automattic\WooCommerce\Admin\Features\OnboardingTasks\TaskLists::setup_tasks_remaining()
#5 /var/www/babyshoes/wp-includes/class-wp-hook.php(308): Automattic\WooCommerce\Admin\Features\OnboardingTasks\TaskLists::menu_task_count()
#6 /var/www/babyshoes/wp-includes/class-wp-hook.php(332): WP_Hook->apply_filters()
#7 /var/www/babyshoes/wp-includes/plugin.php(517): WP_Hook->do_action()
#8 /var/www/babyshoes/wp-admin/includes/menu.php(155): do_action()
#9 /var/www/babyshoes/wp-admin/menu.php(428): require_once('...')
#10 /var/www/babyshoes/wp-admin/admin.php(158): require('...')
#11 {main}
  thrown in /var/www/babyshoes/wp-content/plugins/woocommerce/src/Admin/Features/OnboardingTasks/Tasks/WooCommercePayments.php on line 130

2024-01-19T22:45:36+00:00 CRITICAL Uncaught TypeError: method_exists(): Argument #1 ($object_or_class) must be of type object|string, null given in /var/www/babyshoes/wp-content/plugins/woocommerce/src/Admin/Features/OnboardingTasks/Tasks/WooCommercePayments.php:130
Stack trace:
#0 /var/www/babyshoes/wp-content/plugins/woocommerce/src/Admin/Features/OnboardingTasks/Tasks/WooCommercePayments.php(130): method_exists()
#1 /var/www/babyshoes/wp-content/plugins/woocommerce/src/Admin/Features/OnboardingTasks/Tasks/WooCommercePayments.php(81): Automattic\WooCommerce\Admin\Features\OnboardingTasks\Tasks\WooCommercePayments::is_connected()
#2 /var/www/babyshoes/wp-content/plugins/woocommerce/src/Admin/Features/OnboardingTasks/TaskList.php(240): Automattic\WooCommerce\Admin\Features\OnboardingTasks\Tasks\WooCommercePayments->is_complete()
#3 /var/www/babyshoes/wp-content/plugins/woocommerce/src/Admin/Features/OnboardingTasks/TaskLists.php(445): Automattic\WooCommerce\Admin\Features\OnboardingTasks\TaskList->is_complete()
#4 /var/www/babyshoes/wp-content/plugins/woocommerce/src/Admin/Features/OnboardingTasks/TaskLists.php(467): Automattic\WooCommerce\Admin\Features\OnboardingTasks\TaskLists::setup_tasks_remaining()
#5 /var/www/babyshoes/wp-includes/class-wp-hook.php(308): Automattic\WooCommerce\Admin\Features\OnboardingTasks\TaskLists::menu_task_count()
#6 /var/www/babyshoes/wp-includes/class-wp-hook.php(332): WP_Hook->apply_filters()
#7 /var/www/babyshoes/wp-includes/plugin.php(517): WP_Hook->do_action()
#8 /var/www/babyshoes/wp-admin/includes/menu.php(155): do_action()
#9 /var/www/babyshoes/wp-admin/menu.php(428): require_once('...')
#10 /var/www/babyshoes/wp-admin/admin.php(158): require('...')
#11 {main}
  thrown in /var/www/babyshoes/wp-content/plugins/woocommerce/src/Admin/Features/OnboardingTasks/Tasks/WooCommercePayments.php on line 130

2024-01-19T22:46:11+00:00 CRITICAL Uncaught TypeError: method_exists(): Argument #1 ($object_or_class) must be of type object|string, null given in /var/www/babyshoes/wp-content/plugins/woocommerce/src/Admin/Features/OnboardingTasks/Tasks/WooCommercePayments.php:130
Stack trace:
#0 /var/www/babyshoes/wp-content/plugins/woocommerce/src/Admin/Features/OnboardingTasks/Tasks/WooCommercePayments.php(130): method_exists()
#1 /var/www/babyshoes/wp-content/plugins/woocommerce/src/Admin/Features/OnboardingTasks/Tasks/WooCommercePayments.php(81): Automattic\WooCommerce\Admin\Features\OnboardingTasks\Tasks\WooCommercePayments::is_connected()
#2 /var/www/babyshoes/wp-content/plugins/woocommerce/src/Admin/Features/OnboardingTasks/TaskList.php(240): Automattic\WooCommerce\Admin\Features\OnboardingTasks\Tasks\WooCommercePayments->is_complete()
#3 /var/www/babyshoes/wp-content/plugins/woocommerce/src/Admin/Features/OnboardingTasks/TaskLists.php(445): Automattic\WooCommerce\Admin\Features\OnboardingTasks\TaskList->is_complete()
#4 /var/www/babyshoes/wp-content/plugins/woocommerce/src/Admin/Features/OnboardingTasks/TaskLists.php(467): Automattic\WooCommerce\Admin\Features\OnboardingTasks\TaskLists::setup_tasks_remaining()
#5 /var/www/babyshoes/wp-includes/class-wp-hook.php(308): Automattic\WooCommerce\Admin\Features\OnboardingTasks\TaskLists::menu_task_count()
#6 /var/www/babyshoes/wp-includes/class-wp-hook.php(332): WP_Hook->apply_filters()
#7 /var/www/babyshoes/wp-includes/plugin.php(517): WP_Hook->do_action()
#8 /var/www/babyshoes/wp-admin/includes/menu.php(155): do_action()
#9 /var/www/babyshoes/wp-admin/menu.php(428): require_once('...')
#10 /var/www/babyshoes/wp-admin/admin.php(158): require('...')
#11 /var/www/babyshoes/wp-admin/index.php(10): require_once('...')
#12 {main}
  thrown in /var/www/babyshoes/wp-content/plugins/woocommerce/src/Admin/Features/OnboardingTasks/Tasks/WooCommercePayments.php on line 130

2024-01-19T22:48:31+00:00 CRITICAL Uncaught TypeError: method_exists(): Argument #1 ($object_or_class) must be of type object|string, null given in /var/www/babyshoes/wp-content/plugins/woocommerce/src/Admin/Features/OnboardingTasks/Tasks/WooCommercePayments.php:130
Stack trace:
#0 /var/www/babyshoes/wp-content/plugins/woocommerce/src/Admin/Features/OnboardingTasks/Tasks/WooCommercePayments.php(130): method_exists()
#1 /var/www/babyshoes/wp-content/plugins/woocommerce/src/Admin/Features/OnboardingTasks/Tasks/WooCommercePayments.php(81): Automattic\WooCommerce\Admin\Features\OnboardingTasks\Tasks\WooCommercePayments::is_connected()
#2 /var/www/babyshoes/wp-content/plugins/woocommerce/src/Admin/Features/OnboardingTasks/TaskList.php(240): Automattic\WooCommerce\Admin\Features\OnboardingTasks\Tasks\WooCommercePayments->is_complete()
#3 /var/www/babyshoes/wp-content/plugins/woocommerce/src/Admin/Features/OnboardingTasks/TaskLists.php(445): Automattic\WooCommerce\Admin\Features\OnboardingTasks\TaskList->is_complete()
#4 /var/www/babyshoes/wp-content/plugins/woocommerce/src/Admin/Features/OnboardingTasks/TaskLists.php(467): Automattic\WooCommerce\Admin\Features\OnboardingTasks\TaskLists::setup_tasks_remaining()
#5 /var/www/babyshoes/wp-includes/class-wp-hook.php(308): Automattic\WooCommerce\Admin\Features\OnboardingTasks\TaskLists::menu_task_count()
#6 /var/www/babyshoes/wp-includes/class-wp-hook.php(332): WP_Hook->apply_filters()
#7 /var/www/babyshoes/wp-includes/plugin.php(517): WP_Hook->do_action()
#8 /var/www/babyshoes/wp-admin/includes/menu.php(155): do_action()
#9 /var/www/babyshoes/wp-admin/menu.php(428): require_once('...')
#10 /var/www/babyshoes/wp-admin/admin.php(158): require('...')
#11 {main}
  thrown in /var/www/babyshoes/wp-content/plugins/woocommerce/src/Admin/Features/OnboardingTasks/Tasks/WooCommercePayments.php on line 130

2024-01-19T22:50:06+00:00 CRITICAL Uncaught TypeError: method_exists(): Argument #1 ($object_or_class) must be of type object|string, null given in /var/www/babyshoes/wp-content/plugins/woocommerce/src/Admin/Features/OnboardingTasks/Tasks/WooCommercePayments.php:130
Stack trace:
#0 /var/www/babyshoes/wp-content/plugins/woocommerce/src/Admin/Features/OnboardingTasks/Tasks/WooCommercePayments.php(130): method_exists()
#1 /var/www/babyshoes/wp-content/plugins/woocommerce/src/Admin/Features/OnboardingTasks/Tasks/WooCommercePayments.php(81): Automattic\WooCommerce\Admin\Features\OnboardingTasks\Tasks\WooCommercePayments::is_connected()
#2 /var/www/babyshoes/wp-content/plugins/woocommerce/src/Admin/Features/OnboardingTasks/TaskList.php(240): Automattic\WooCommerce\Admin\Features\OnboardingTasks\Tasks\WooCommercePayments->is_complete()
#3 /var/www/babyshoes/wp-content/plugins/woocommerce/src/Admin/Features/OnboardingTasks/TaskLists.php(445): Automattic\WooCommerce\Admin\Features\OnboardingTasks\TaskList->is_complete()
#4 /var/www/babyshoes/wp-content/plugins/woocommerce/src/Admin/Features/OnboardingTasks/TaskLists.php(467): Automattic\WooCommerce\Admin\Features\OnboardingTasks\TaskLists::setup_tasks_remaining()
#5 /var/www/babyshoes/wp-includes/class-wp-hook.php(308): Automattic\WooCommerce\Admin\Features\OnboardingTasks\TaskLists::menu_task_count()
#6 /var/www/babyshoes/wp-includes/class-wp-hook.php(332): WP_Hook->apply_filters()
#7 /var/www/babyshoes/wp-includes/plugin.php(517): WP_Hook->do_action()
#8 /var/www/babyshoes/wp-admin/includes/menu.php(155): do_action()
#9 /var/www/babyshoes/wp-admin/menu.php(428): require_once('...')
#10 /var/www/babyshoes/wp-admin/admin.php(158): require('...')
#11 {main}
  thrown in /var/www/babyshoes/wp-content/plugins/woocommerce/src/Admin/Features/OnboardingTasks/Tasks/WooCommercePayments.php on line 130

